<?xml version="1.0" encoding="UTF-8"?>
<testsuite xmlns:xsi="http://www.w3.org/2001/XMLSchema-instance" xsi:schemaLocation="https://maven.apache.org/surefire/maven-surefire-plugin/xsd/surefire-test-report.xsd" name="TestSuite" time="220.307" tests="8" errors="0" skipped="1" failures="1">
  <properties>
[...]
</properties>
  <testcase name="firstPage" classname="positiveTC.FirstPreferences" time="2.761"/>
  <testcase name="createAccount" classname="positiveTC.FirstPreferences" time="30.285"/>
  <testcase name="firstPage" classname="positiveTC.NewTransactionAdd" time="2.206"/>
  <testcase name="createAccount" classname="positiveTC.NewTransactionAdd" time="29.457"/>
  <testcase name="newTransaction" classname="positiveTC.NewTransactionAdd" time="72.135"/>
  <testcase name="firstPage" classname="positiveTC.NewTransactionWithdraw" time="2.322"/>
  <testcase name="createAccount" classname="positiveTC.NewTransactionWithdraw" time="42.651">
    <failure message="Can&apos;t locate an element by this strategy: By.chained({By.id: org.totschnig.myexpenses:id/AccountType})" type="org.openqa.selenium.NoSuchElementException">org.openqa.selenium.NoSuchElementException: Can't locate an element by this strategy: By.chained({By.id: org.totschnig.myexpenses:id/AccountType})
	at positiveTC.NewTransactionWithdraw.createAccount(NewTransactionWithdraw.java:69)
Caused by: org.openqa.selenium.TimeoutException: Expected condition failed: waiting for io.appium.java_client.pagefactory.AppiumElementLocator$WaitingFunction@c6b2dd9 (tried for 1 second(s) with 500 milliseconds interval)
	at positiveTC.NewTransactionWithdraw.createAccount(NewTransactionWithdraw.java:69)
Caused by: org.openqa.selenium.NoSuchElementException: 
Cannot locate an element using By.chained({By.id: org.totschnig.myexpenses:id/AccountType})
For documentation on this error, please visit: http://seleniumhq.org/exceptions/no_such_element.html
Build info: version: '3.11.0', revision: 'e59cfb3', time: '2018-03-11T20:26:55.152Z'
System info: host: 'Nonnas-MBP.domain', ip: '192.168.0.52', os.name: 'Mac OS X', os.arch: 'x86_64', os.version: '10.13.6', java.version: '11.0.1'
Driver info: driver.version: AndroidDriver
	at positiveTC.NewTransactionWithdraw.createAccount(NewTransactionWithdraw.java:69)
</failure>
    <system-out><![CDATA[US Dollar
]]></system-out>
  </testcase>
  <testcase name="newTransaction" classname="positiveTC.NewTransactionWithdraw" time="0">
    <skipped message="Method NewTransactionWithdraw.newTransaction()[pri:3, instance:positiveTC.NewTransactionWithdraw@475835b1] depends on not successfully finished methods"/>
    <system-out><![CDATA[positiveTC.NewTransactionWithdraw@475835b1
]]></system-out>
  </testcase>
</testsuite>