<?xml version="1.0" encoding="UTF-8"?>
<!-- Generated by org.testng.reporters.JUnitXMLReporter -->
<testsuite ignored="0" hostname="Nonnas-MBP.domain" failures="0" tests="3" name="New transaction add" time="113.195" errors="0" timestamp="29 Nov 2018 08:19:14 GMT">
  <testcase classname="positiveTC.NewTransactionAdd" name="firstPage" time="2.205"/>
  <testcase classname="positiveTC.NewTransactionAdd" name="createAccount" time="29.456"/>
  <testcase classname="positiveTC.NewTransactionAdd" name="newTransaction" time="72.135"/>
</testsuite> <!-- New transaction add -->
